[15:32:52] [ServerMain/INFO]: [bootstrap] Running Java 21 (OpenJDK 64-Bit Server VM 21.0.5+11-Ubuntu-1ubuntu120.04; Ubuntu null) on Linux 6.5.0-1025-azure (amd64)
[15:32:52] [ServerMain/INFO]: [bootstrap] Loading Paper 1.21.3-63-master@4190ee7 (2024-11-25T18:59:19Z) for Minecraft 1.21.3
[15:32:53] [ServerMain/INFO]: [PluginInitializerManager] Initializing plugins...
[15:32:53] [Paper Plugin Remapper Thread - 2/INFO]: [PluginRemapper] Remapping plugin 'plugins/floodgate-spigot.jar'...
[15:32:59] [Paper Plugin Remapper Thread - 2/INFO]: [PluginRemapper] Done remapping plugin 'plugins/floodgate-spigot.jar' in 6172ms.
[15:32:59] [ServerMain/INFO]: [PluginInitializerManager] Initialized 3 plugins
[15:32:59] [ServerMain/INFO]: [PluginInitializerManager] Bukkit plugins (3):
 - Geyser-Spigot (2.5.1-SNAPSHOT), ViaVersion (5.1.1), floodgate (2.2.3-SNAPSHOT (b114-83fbd6e))
[15:33:06] [ServerMain/INFO]: Environment: Environment[sessionHost=https://sessionserver.mojang.com, servicesHost=https://api.minecraftservices.com, name=PROD]
[15:33:09] [ServerMain/INFO]: Loaded 1337 recipes
[15:33:09] [ServerMain/INFO]: Loaded 1448 advancements
[15:33:09] [Server thread/INFO]: Starting minecraft server version 1.21.3
[15:33:09] [Server thread/INFO]: Loading properties
[15:33:09] [Server thread/INFO]: This server is running Paper version 1.21.3-63-master@4190ee7 (2024-11-25T18:59:19Z) (Implementing API version 1.21.3-R0.1-SNAPSHOT)
[15:33:10] [Server thread/INFO]: [spark] This server bundles the spark profiler. For more information please visit https://docs.papermc.io/paper/profiling
[15:33:10] [Server thread/INFO]: Server Ping Player Sample Count: 12
[15:33:10] [Server thread/INFO]: Using 4 threads for Netty based IO
[15:33:12] [Server thread/INFO]: [MoonriseCommon] Paper is using 1 worker threads, 1 I/O threads
[15:33:12] [Server thread/INFO]: [ChunkTaskScheduler] Chunk system is using population gen parallelism: true
[15:33:12] [Server thread/INFO]: Default game type: SURVIVAL
[15:33:12] [Server thread/INFO]: Generating keypair
[15:33:12] [Server thread/INFO]: Starting Minecraft server on *:25565
[15:33:13] [Server thread/INFO]: Using epoll channel type
[15:33:13] [Server thread/INFO]: Paper: Using libdeflate (Linux x86_64) compression from Velocity.
[15:33:13] [Server thread/INFO]: Paper: Using OpenSSL 1.1.x (Linux x86_64) cipher from Velocity.
[15:33:14] [Server thread/INFO]: [floodgate] Loading server plugin floodgate v2.2.3-SNAPSHOT (b114-83fbd6e)
[15:33:15] [Server thread/WARN]: [floodgate] en_ is not a supported Floodgate language.
[15:33:16] [Server thread/INFO]: [floodgate] Took 1,621ms to boot Floodgate
[15:33:16] [Server thread/INFO]: [ViaVersion] Loading server plugin ViaVersion v5.1.1
[15:33:16] [Server thread/INFO]: [ViaVersion] ViaVersion 5.1.1 is now loaded. Registering protocol transformers and injecting...
[15:33:17] [Via-Mappingloader-0/INFO]: [ViaVersion] Loading block connection mappings ...
[15:33:17] [Via-Mappingloader-0/INFO]: [ViaVersion] Using FastUtil Long2ObjectOpenHashMap for block connections
[15:33:17] [Server thread/INFO]: [Geyser-Spigot] Loading server plugin Geyser-Spigot v2.5.1-SNAPSHOT
[15:33:19] [Server thread/INFO]: [Geyser-Spigot] Loading extensions...
[15:33:19] [Server thread/INFO]: [Geyser-Spigot] Loaded 0 extension(s)
[15:33:19] [Server thread/INFO]: Server permissions file permissions.yml is empty, ignoring it
[15:33:19] [Server thread/WARN]: **** SERVER IS RUNNING IN OFFLINE/INSECURE MODE!
[15:33:19] [Server thread/WARN]: The server will make no attempt to authenticate usernames. Beware.
[15:33:19] [Server thread/WARN]: While this makes the game possible to play without internet access, it also opens up the ability for hackers to connect with any username they choose.
[15:33:19] [Server thread/WARN]: To change this, set "online-mode" to "true" in the server.properties file.
[15:33:19] [Server thread/INFO]: Preparing level "world"
[15:33:20] [Server thread/INFO]: Preparing start region for dimension minecraft:overworld
[15:33:20] [Server thread/INFO]: Preparing spawn area: 0%
[15:33:21] [Server thread/INFO]: Preparing spawn area: 2%
[15:33:21] [Paper Common Worker #0/INFO]: [MCTypeRegistry] Initialising converters for DataConverter...
[15:33:21] [Paper Common Worker #0/INFO]: [MCTypeRegistry] Finished initialising converters for DataConverter in 570.6ms
[15:33:21] [Server thread/INFO]: Preparing spawn area: 2%
[15:33:21] [Server thread/INFO]: Preparing spawn area: 2%
[15:33:22] [Server thread/INFO]: Preparing spawn area: 18%
[15:33:22] [Server thread/INFO]: Time elapsed: 2477 ms
[15:33:22] [Server thread/INFO]: Preparing start region for dimension minecraft:the_nether
[15:33:22] [Server thread/INFO]: Preparing spawn area: 0%
[15:33:23] [Server thread/INFO]: Time elapsed: 364 ms
[15:33:23] [Server thread/INFO]: Preparing start region for dimension minecraft:the_end
[15:33:23] [Server thread/INFO]: Preparing spawn area: 0%
[15:33:23] [Server thread/INFO]: Time elapsed: 227 ms
[15:33:23] [Server thread/INFO]: [floodgate] Enabling floodgate v2.2.3-SNAPSHOT (b114-83fbd6e)
[15:33:24] [Server thread/INFO]: [ViaVersion] Enabling ViaVersion v5.1.1
[15:33:24] [Server thread/INFO]: [ViaVersion] ViaVersion detected server version: 1.21.2-1.21.3 (768)
[15:33:24] [Server thread/WARN]: [ViaVersion] ViaVersion does not have any compatible versions for this server version!
[15:33:24] [Server thread/WARN]: [ViaVersion] Please remember that ViaVersion only adds support for versions newer than the server version.
[15:33:24] [Server thread/WARN]: [ViaVersion] If you need support for older versions you may need to use one or more ViaVersion addons too.
[15:33:24] [Server thread/WARN]: [ViaVersion] In that case please read the ViaVersion resource page carefully or use https://viaversion.com/setup
[15:33:24] [Server thread/WARN]: [ViaVersion] and if you're still unsure, feel free to join our Discord-Server for further assistance.
[15:33:24] [Server thread/INFO]: [Geyser-Spigot] Enabling Geyser-Spigot v2.5.1-SNAPSHOT
[15:33:25] [Server thread/INFO]: [spark] Starting background profiler...
[15:33:25] [Server thread/INFO]: [Geyser-Spigot] ******************************************
[15:33:25] [Server thread/INFO]: [Geyser-Spigot] 
[15:33:25] [Server thread/INFO]: [Geyser-Spigot] Loading Geyser version 2.5.1-b726 (git-master-2019e53)
[15:33:25] [Server thread/INFO]: [Geyser-Spigot] 
[15:33:25] [Server thread/INFO]: [Geyser-Spigot] ******************************************
[15:33:33] [epollEventLoopGroup-3-1/INFO]: [Geyser-Spigot] Started Geyser on UDP port 19132
[15:33:33] [Server thread/INFO]: [Geyser-Spigot] Done (7.654s)! Run /geyser help for help!
[15:33:33] [Thread-7/WARN]: [Geyser-Spigot] Missing MC locale file: en_us
[15:33:33] [Thread-13/INFO]: [Geyser-Spigot] Downloading Minecraft JAR to extract required files, please wait... (this may take some time depending on the speed of your internet connection)
[15:33:33] [Server thread/INFO]: Done preparing level "world" (14.252s)
[15:33:33] [Server thread/INFO]: Running delayed init tasks
[15:33:33] [Server thread/INFO]: Done (42.724s)! For help, type "help"
[15:33:33] [Craft Scheduler Thread - 2 - ViaVersion/INFO]: [ViaVersion] Finished mapping loading, shutting down loader executor.
[15:33:35] [Thread-13/INFO]: [Geyser-Spigot] Minecraft JAR has been successfully downloaded and loaded!
[15:34:20] [Server thread/INFO]: ---- Showing Help For: Geyser (Page 1/1) ----
[15:34:20] [Server thread/INFO]: /geyser connectiontest: Tests whether your server is reachable for other players
[15:34:20] [Server thread/INFO]: /geyser dump: Dumps Geyser debug information for bug reports.
[15:34:20] [Server thread/INFO]: /geyser help: Shows help for all registered commands.
[15:34:20] [Server thread/INFO]: /geyser list: List all players connected through Geyser.
[15:34:20] [Server thread/INFO]: /geyser reload: Reloads the Geyser configurations. Kicks all players when used!
[15:34:20] [Server thread/INFO]: /geyser version: Shows the current Geyser version and checks for updates.
[15:34:26] [Server thread/INFO]: Reloading Geyser configurations... all connected bedrock clients will be kicked.
[15:34:26] [Geyser Scheduled Thread-2-1/INFO]: [Geyser-Spigot] Shutting down Geyser.
[15:34:26] [epollEventLoopGroup-9-2/INFO]: [Geyser-Spigot] Started Geyser on UDP port 19132
[15:34:26] [WebSocketConnectReadThread-85/INFO]: [Geyser-Spigot] The skin uploader has been closed
[15:35:57] [Server thread/INFO]: Reloading Geyser configurations... all connected bedrock clients will be kicked.
[15:35:57] [Geyser Scheduled Thread-8-1/INFO]: [Geyser-Spigot] Shutting down Geyser.
[15:35:57] [epollEventLoopGroup-13-2/INFO]: [Geyser-Spigot] Started Geyser on UDP port 1776
[15:35:57] [WebSocketConnectReadThread-117/INFO]: [Geyser-Spigot] The skin uploader has been closed
[15:36:03] [Server thread/INFO]: Unknown or incomplete command, see below for error
port<--[HERE]
[15:36:06] [Server thread/INFO]: Unknown or incomplete command, see below for error
ip<--[HERE]
[15:36:25] [Server thread/INFO]: Made DanielReye a server operator
[15:40:44] [User Authenticator #0/INFO]: UUID of player DanielReye is 0c41464a-87cd-3f2d-943d-015267b796ed
[15:40:45] [Server thread/INFO]: DanielReye joined the game
[15:40:45] [Server thread/INFO]: DanielReye[/127.95.251.213:58535] logged in with entity id 14 at ([world]-3.5, 81.0, -6.5)
[15:41:41] [Server thread/INFO]: DanielReye issued server command: /gamemode creative
[15:41:41] [Server thread/INFO]: [DanielReye: Set own game mode to Creative Mode]
[15:41:56] [Server thread/INFO]: DanielReye has made the advancement [Monster Hunter]
